D, [2012-09-06T17:13:44.341120 #3483] DEBUG -- : ------------------------------------
D, [2012-09-06T17:13:47.518937 #3493] DEBUG -- : ------------------------------------
D, [2012-09-06T17:14:27.599144 #3514] DEBUG -- : ------------------------------------
D, [2012-09-06T17:14:30.578333 #3524] DEBUG -- : ------------------------------------
D, [2012-09-06T17:14:33.139467 #3534] DEBUG -- : ------------------------------------
D, [2012-09-06T17:14:35.549254 #3543] DEBUG -- : ------------------------------------
D, [2012-09-06T17:16:05.301597 #3877] DEBUG -- : ------------------------------------
D, [2012-09-06T17:16:07.772439 #3887] DEBUG -- : ------------------------------------
D, [2012-09-06T17:16:13.155722 #3906] DEBUG -- : ------------------------------------
D, [2012-09-06T17:16:15.565966 #3916] DEBUG -- : ------------------------------------
D, [2012-09-06T17:16:43.384648 #3932] DEBUG -- : ------------------------------------
D, [2012-09-06T17:16:57.052498 #3944] DEBUG -- : ------------------------------------
D, [2012-09-06T17:17:11.748858 #3959] DEBUG -- : ------------------------------------
D, [2012-09-06T17:17:14.394046 #3968] DEBUG -- : ------------------------------------
D, [2012-09-06T17:18:43.397599 #4010] DEBUG -- : ------------------------------------
D, [2012-09-06T17:18:51.264918 #4024] DEBUG -- : ------------------------------------
D, [2012-09-06T17:18:53.798282 #4034] DEBUG -- : ------------------------------------
D, [2012-09-06T17:18:57.078715 #4043] DEBUG -- : ------------------------------------
D, [2012-09-06T17:19:01.514025 #4054] DEBUG -- : ------------------------------------
D, [2012-09-06T17:24:52.832983 #4140] DEBUG -- : ------------------------------------
D, [2012-09-06T17:24:55.298880 #4149] DEBUG -- : ------------------------------------
D, [2012-09-06T17:25:06.449146 #4251] DEBUG -- : ------------------------------------
D, [2012-09-06T17:25:09.039934 #4261] DEBUG -- : ------------------------------------
D, [2012-09-06T17:25:13.405786 #4272] DEBUG -- : ------------------------------------
D, [2012-09-06T17:30:09.447534 #4527] DEBUG -- : ------------------------------------
D, [2012-09-06T17:30:11.968007 #4537] DEBUG -- : ------------------------------------
D, [2012-09-06T17:30:19.665303 #4555] DEBUG -- : ------------------------------------
D, [2012-09-06T17:30:21.972273 #4555] DEBUG -- : request_token
D, [2012-09-06T17:30:21.972521 #4555] DEBUG -- : #<OAuth::RequestToken:0x853ff18 @token="4kQgrND6zadNTBxCiuBPYYvGqyVIXcQgpcXn7WUeHsU", @secret="uJrkaTJk3JfClaJa7wf7dIEuwxhjpEcBDfAWEshyQ", @consumer=#<OAuth::Consumer:0x8a7d674 @key="m7XuBN4CV0KGTpAY9Ii9A", @secret="eB49WGiyMLoPcP9gBbtcPr9StNmRMCOYEpZOR9iifc", @options={:signature_method=>"HMAC-SHA1", :request_token_path=>"/oauth/request_token", :authorize_path=>"/oauth/authorize", :access_token_path=>"/oauth/access_token", :proxy=>nil, :scheme=>:header, :http_method=>:post, :oauth_version=>"1.0", :site=>"http://api.twitter.com"}, @http_method=:post, @http=#<Net::HTTP api.twitter.com:80 open=false>>, @params={:oauth_token=>"4kQgrND6zadNTBxCiuBPYYvGqyVIXcQgpcXn7WUeHsU", "oauth_token"=>"4kQgrND6zadNTBxCiuBPYYvGqyVIXcQgpcXn7WUeHsU", :oauth_token_secret=>"uJrkaTJk3JfClaJa7wf7dIEuwxhjpEcBDfAWEshyQ", "oauth_token_secret"=>"uJrkaTJk3JfClaJa7wf7dIEuwxhjpEcBDfAWEshyQ", :oauth_callback_confirmed=>"true", "oauth_callback_confirmed"=>"true"}>
D, [2012-09-06T17:30:22.099356 #4566] DEBUG -- : ------------------------------------
D, [2012-09-06T17:30:24.850393 #4575] DEBUG -- : ------------------------------------
D, [2012-09-06T17:33:33.960712 #4642] DEBUG -- : ------------------------------------
D, [2012-09-06T17:33:36.505546 #4652] DEBUG -- : ------------------------------------
D, [2012-09-06T17:33:47.126249 #4671] DEBUG -- : ------------------------------------
D, [2012-09-06T17:33:49.533492 #4682] DEBUG -- : ------------------------------------
D, [2012-09-06T17:33:50.301484 #4671] DEBUG -- : request_token
D, [2012-09-06T17:33:50.301655 #4671] DEBUG -- : #<OAuth::RequestToken:0x8d690a4 @token="cTDo4IEVewXcGuVT1hmcLzxYQBVODkrekkUcMXQwo", @secret="d8vR0jAD2UCbso91P7uVRCFROlyiGVLoPy09fiI", @consumer=#<OAuth::Consumer:0x9090ffc @key="m7XuBN4CV0KGTpAY9Ii9A", @secret="eB49WGiyMLoPcP9gBbtcPr9StNmRMCOYEpZOR9iifc", @options={:signature_method=>"HMAC-SHA1", :request_token_path=>"/oauth/request_token", :authorize_path=>"/oauth/authorize", :access_token_path=>"/oauth/access_token", :proxy=>nil, :scheme=>:header, :http_method=>:post, :oauth_version=>"1.0", :site=>"http://api.twitter.com"}, @http_method=:post, @http=#<Net::HTTP api.twitter.com:80 open=false>>, @params={:oauth_token=>"cTDo4IEVewXcGuVT1hmcLzxYQBVODkrekkUcMXQwo", "oauth_token"=>"cTDo4IEVewXcGuVT1hmcLzxYQBVODkrekkUcMXQwo", :oauth_token_secret=>"d8vR0jAD2UCbso91P7uVRCFROlyiGVLoPy09fiI", "oauth_token_secret"=>"d8vR0jAD2UCbso91P7uVRCFROlyiGVLoPy09fiI", :oauth_callback_confirmed=>"true", "oauth_callback_confirmed"=>"true"}>
D, [2012-09-06T17:34:02.779721 #4693] DEBUG -- : ------------------------------------
D, [2012-09-06T17:34:05.685786 #4702] DEBUG -- : ------------------------------------
D, [2012-09-06T17:35:30.433734 #4738] DEBUG -- : ------------------------------------
D, [2012-09-06T17:35:32.948934 #4748] DEBUG -- : ------------------------------------
D, [2012-09-06T17:35:38.578948 #4757] DEBUG -- : ------------------------------------
D, [2012-09-06T17:35:40.986290 #4767] DEBUG -- : ------------------------------------
D, [2012-09-06T17:35:43.276490 #4767] DEBUG -- : request_token
D, [2012-09-06T17:35:43.276656 #4767] DEBUG -- : #<OAuth::RequestToken:0x92ef4c4 @token="UDH9SwgyOLTCENyropAeEcnJRZBpaVUeu1Wb789kbp0", @secret="QbJivBHNxnEQa0NHIZC2CxWsYhOMFVdKOi0lKbgS5nA", @consumer=#<OAuth::Consumer:0x91da5e8 @key="m7XuBN4CV0KGTpAY9Ii9A", @secret="eB49WGiyMLoPcP9gBbtcPr9StNmRMCOYEpZOR9iifc", @options={:signature_method=>"HMAC-SHA1", :request_token_path=>"/oauth/request_token", :authorize_path=>"/oauth/authorize", :access_token_path=>"/oauth/access_token", :proxy=>nil, :scheme=>:header, :http_method=>:post, :oauth_version=>"1.0", :site=>"http://api.twitter.com"}, @http_method=:post, @http=#<Net::HTTP api.twitter.com:80 open=false>>, @params={:oauth_token=>"UDH9SwgyOLTCENyropAeEcnJRZBpaVUeu1Wb789kbp0", "oauth_token"=>"UDH9SwgyOLTCENyropAeEcnJRZBpaVUeu1Wb789kbp0", :oauth_token_secret=>"QbJivBHNxnEQa0NHIZC2CxWsYhOMFVdKOi0lKbgS5nA", "oauth_token_secret"=>"QbJivBHNxnEQa0NHIZC2CxWsYhOMFVdKOi0lKbgS5nA", :oauth_callback_confirmed=>"true", "oauth_callback_confirmed"=>"true"}>
D, [2012-09-06T17:35:53.247964 #4779] DEBUG -- : ------------------------------------
D, [2012-09-06T17:35:55.594842 #4779] DEBUG -- : access_token
D, [2012-09-06T17:35:55.595002 #4779] DEBUG -- : #<OAuth::AccessToken:0x8c34f08 @token="20249724-nZLkrXzyxiPCkC78mm6HSmtKbd5GBcLCXaORjC3HM", @secret="M0AKdKyBS3VG8mN6BNs3RqQ4VzWj1wkwMPLiBQyihY", @consumer=#<OAuth::Consumer:0x8f71fe0 @key="m7XuBN4CV0KGTpAY9Ii9A", @secret="eB49WGiyMLoPcP9gBbtcPr9StNmRMCOYEpZOR9iifc", @options={:signature_method=>"HMAC-SHA1", :request_token_path=>"/oauth/request_token", :authorize_path=>"/oauth/authorize", :access_token_path=>"/oauth/access_token", :proxy=>nil, :scheme=>:header, :http_method=>:post, :oauth_version=>"1.0", :site=>"http://api.twitter.com"}, @http_method=:post, @http=#<Net::HTTP api.twitter.com:80 open=false>>, @params={:oauth_token=>"20249724-nZLkrXzyxiPCkC78mm6HSmtKbd5GBcLCXaORjC3HM", "oauth_token"=>"20249724-nZLkrXzyxiPCkC78mm6HSmtKbd5GBcLCXaORjC3HM", :oauth_token_secret=>"M0AKdKyBS3VG8mN6BNs3RqQ4VzWj1wkwMPLiBQyihY", "oauth_token_secret"=>"M0AKdKyBS3VG8mN6BNs3RqQ4VzWj1wkwMPLiBQyihY", :user_id=>"20249724", "user_id"=>"20249724", :screen_name=>"imwilsonxu", "screen_name"=>"imwilsonxu"}>
D, [2012-09-06T17:36:02.402469 #4790] DEBUG -- : ------------------------------------
D, [2012-09-06T17:40:53.821268 #4881] DEBUG -- : ------------------------------------
D, [2012-09-06T17:41:01.670272 #4892] DEBUG -- : ------------------------------------
D, [2012-09-06T17:41:04.165830 #4901] DEBUG -- : ------------------------------------
D, [2012-09-06T17:41:11.240560 #4911] DEBUG -- : ------------------------------------
D, [2012-09-06T17:41:13.776121 #4911] DEBUG -- : request_token
D, [2012-09-06T17:41:13.776309 #4911] DEBUG -- : #<OAuth::RequestToken:0x93af9cc @token="n6HEzns8CdWNgDdmettUFUmjN4MhpaRU2bnmty5D4", @secret="bsOUtRKTNQcKMsnp2Nkjlok8RF1YSW1Hd6wIwPp2qY", @consumer=#<OAuth::Consumer:0x9288760 @key="m7XuBN4CV0KGTpAY9Ii9A", @secret="eB49WGiyMLoPcP9gBbtcPr9StNmRMCOYEpZOR9iifc", @options={:signature_method=>"HMAC-SHA1", :request_token_path=>"/oauth/request_token", :authorize_path=>"/oauth/authorize", :access_token_path=>"/oauth/access_token", :proxy=>nil, :scheme=>:header, :http_method=>:post, :oauth_version=>"1.0", :site=>"http://api.twitter.com"}, @http_method=:post, @http=#<Net::HTTP api.twitter.com:80 open=false>>, @params={:oauth_token=>"n6HEzns8CdWNgDdmettUFUmjN4MhpaRU2bnmty5D4", "oauth_token"=>"n6HEzns8CdWNgDdmettUFUmjN4MhpaRU2bnmty5D4", :oauth_token_secret=>"bsOUtRKTNQcKMsnp2Nkjlok8RF1YSW1Hd6wIwPp2qY", "oauth_token_secret"=>"bsOUtRKTNQcKMsnp2Nkjlok8RF1YSW1Hd6wIwPp2qY", :oauth_callback_confirmed=>"true", "oauth_callback_confirmed"=>"true"}>
D, [2012-09-06T17:41:31.048880 #4925] DEBUG -- : ------------------------------------
D, [2012-09-06T17:41:33.363628 #4925] DEBUG -- : access_token
D, [2012-09-06T17:41:33.363797 #4925] DEBUG -- : #<OAuth::AccessToken:0x9325ed4 @token="20249724-oz0moSnwK3fwx2Sf9TSJSWYBXmGNuDQyab1TeHk0Z", @secret="qUzF6zwsn2VzYb1bxvuTmEz0VVaiQZreW4VElvEUvM", @consumer=#<OAuth::Consumer:0x8ef2b50 @key="m7XuBN4CV0KGTpAY9Ii9A", @secret="eB49WGiyMLoPcP9gBbtcPr9StNmRMCOYEpZOR9iifc", @options={:signature_method=>"HMAC-SHA1", :request_token_path=>"/oauth/request_token", :authorize_path=>"/oauth/authorize", :access_token_path=>"/oauth/access_token", :proxy=>nil, :scheme=>:header, :http_method=>:post, :oauth_version=>"1.0", :site=>"http://api.twitter.com"}, @http_method=:post, @http=#<Net::HTTP api.twitter.com:80 open=false>>, @params={:oauth_token=>"20249724-oz0moSnwK3fwx2Sf9TSJSWYBXmGNuDQyab1TeHk0Z", "oauth_token"=>"20249724-oz0moSnwK3fwx2Sf9TSJSWYBXmGNuDQyab1TeHk0Z", :oauth_token_secret=>"qUzF6zwsn2VzYb1bxvuTmEz0VVaiQZreW4VElvEUvM", "oauth_token_secret"=>"qUzF6zwsn2VzYb1bxvuTmEz0VVaiQZreW4VElvEUvM", :user_id=>"20249724", "user_id"=>"20249724", :screen_name=>"imwilsonxu", "screen_name"=>"imwilsonxu"}>
D, [2012-09-06T17:41:40.006999 #4937] DEBUG -- : ------------------------------------
D, [2012-09-06T17:41:47.660849 #4947] DEBUG -- : ------------------------------------
D, [2012-09-06T17:41:50.202030 #4957] DEBUG -- : ------------------------------------
